<?xml version="1.0" encoding="UTF-8"?>
<testng-results skipped="0" failed="0" ignored="0" total="1" passed="1">
  <reporter-output>
  </reporter-output>
  <suite name="Default suite" duration-ms="47" started-at="2018-12-22T20:38:24Z" finished-at="2018-12-22T20:38:24Z">
    <groups>
    </groups>
    <test name="Default test" duration-ms="47" started-at="2018-12-22T20:38:24Z" finished-at="2018-12-22T20:38:24Z">
      <class name="Sleniumclass.Newtest1">
        <test-method status="PASS" signature="beforeTest()[pri:0, instance:Sleniumclass.Newtest1@2a2d45ba]" name="beforeTest" is-config="true" duration-ms="13" started-at="2018-12-22T20:38:24Z" finished-at="2018-12-22T20:38:24Z">
          <reporter-output>
          </reporter-output>
        </test-method> <!-- beforeTest -->
        <test-method status="PASS" signature="beforeClass()[pri:0, instance:Sleniumclass.Newtest1@2a2d45ba]" name="beforeClass" is-config="true" duration-ms="0" started-at="2018-12-22T20:38:24Z" finished-at="2018-12-22T20:38:24Z">
          <reporter-output>
          </reporter-output>
        </test-method> <!-- beforeClass -->
        <test-method status="PASS" signature="beforeMethod()[pri:0, instance:Sleniumclass.Newtest1@2a2d45ba]" name="beforeMethod" is-config="true" duration-ms="1" started-at="2018-12-22T20:38:24Z" finished-at="2018-12-22T20:38:24Z">
          <reporter-output>
          </reporter-output>
        </test-method> <!-- beforeMethod -->
        <test-method status="PASS" signature="f()[pri:0, instance:Sleniumclass.Newtest1@2a2d45ba]" name="f" duration-ms="5" started-at="2018-12-22T20:38:24Z" finished-at="2018-12-22T20:38:24Z">
          <reporter-output>
          </reporter-output>
        </test-method> <!-- f -->
        <test-method status="PASS" signature="afterMethod()[pri:0, instance:Sleniumclass.Newtest1@2a2d45ba]" name="afterMethod" is-config="true" duration-ms="0" started-at="2018-12-22T20:38:24Z" finished-at="2018-12-22T20:38:24Z">
          <reporter-output>
          </reporter-output>
        </test-method> <!-- afterMethod -->
        <test-method status="PASS" signature="afterClass()[pri:0, instance:Sleniumclass.Newtest1@2a2d45ba]" name="afterClass" is-config="true" duration-ms="0" started-at="2018-12-22T20:38:24Z" finished-at="2018-12-22T20:38:24Z">
          <reporter-output>
          </reporter-output>
        </test-method> <!-- afterClass -->
        <test-method status="PASS" signature="afterTest()[pri:0, instance:Sleniumclass.Newtest1@2a2d45ba]" name="afterTest" is-config="true" duration-ms="0" started-at="2018-12-22T20:38:24Z" finished-at="2018-12-22T20:38:24Z">
          <reporter-output>
          </reporter-output>
        </test-method> <!-- afterTest -->
      </class> <!-- Sleniumclass.Newtest1 -->
    </test> <!-- Default test -->
  </suite> <!-- Default suite -->
</testng-results>
